<?xml version="1.0" encoding="UTF-8"?>
<testsuite xmlns:xsi="http://www.w3.org/2001/XMLSchema-instance" xsi:noNamespaceSchemaLocation="https://maven.apache.org/surefire/maven-surefire-plugin/xsd/surefire-test-report.xsd" version="3.0.2" name="no.scienta.kokebok.repository.RecipeRepositoryTest" time="1.668" tests="11" errors="0" skipped="0" failures="0">
  <properties>
[...]
</properties>
  <testcase name="search_byDescriptionKeyword_returnsMatchingRecipes" classname="no.scienta.kokebok.repository.RecipeRepositoryTest" time="0.3">
    <system-out><![CDATA[16:26:29.265 [main] INFO org.springframework.test.context.support.AnnotationConfigContextLoaderUtils -- Could not detect default configuration classes for test class [no.scienta.kokebok.repository.RecipeRepositoryTest]: RecipeRepositoryTest does not declare any static, non-private, non-final, nested classes annotated with @Configuration.
16:26:29.314 [main] INFO org.springframework.boot.test.context.SpringBootTestContextBootstrapper -- Found @SpringBootConfiguration no.scienta.kokebok.KokebokApplication for test class no.scienta.kokebok.repository.RecipeRepositoryTest

  .   ____          _            __ _ _
 /\\ / ___'_ __ _ _(_)_ __  __ _ \ \ \ \
( ( )\___ | '_ | '_| | '_ \/ _` | \ \ \ \
 \\/  ___)| |_)| | | | | || (_| |  ) ) ) )
  '  |____| .__|_| |_|_| |_\__, | / / / /
 =========|_|==============|___/=/_/_/_/

 :: Spring Boot ::                (v3.4.4)

2026-04-24T16:26:29.440+02:00  INFO 75345 --- [           main] n.s.k.repository.RecipeRepositoryTest    : Starting RecipeRepositoryTest using Java 23.0.2 with PID 75345 (started by espen in /Users/espen/Work/Scienta/fagsem_v2026/eksperimenter/gruppe-2_2-kokebok/backend)
2026-04-24T16:26:29.441+02:00  INFO 75345 --- [           main] n.s.k.repository.RecipeRepositoryTest    : No active profile set, falling back to 1 default profile: "default"
2026-04-24T16:26:29.567+02:00  INFO 75345 --- [           main] .s.d.r.c.RepositoryConfigurationDelegate : Bootstrapping Spring Data JPA repositories in DEFAULT mode.
2026-04-24T16:26:29.588+02:00  INFO 75345 --- [           main] .s.d.r.c.RepositoryConfigurationDelegate : Finished Spring Data repository scanning in 17 ms. Found 1 JPA repository interface.
2026-04-24T16:26:29.607+02:00  INFO 75345 --- [           main] beddedDataSourceBeanFactoryPostProcessor : Replacing 'dataSource' DataSource bean with embedded version
2026-04-24T16:26:29.636+02:00  INFO 75345 --- [           main] o.s.j.d.e.EmbeddedDatabaseFactory        : Starting embedded database: url='jdbc:h2:mem:36723171-1c04-478a-b0bb-5eb2bac5a75f;DB_CLOSE_DELAY=-1;DB_CLOSE_ON_EXIT=false', username='sa'
2026-04-24T16:26:29.731+02:00  INFO 75345 --- [           main] o.hibernate.jpa.internal.util.LogHelper  : HHH000204: Processing PersistenceUnitInfo [name: default]
2026-04-24T16:26:29.754+02:00  INFO 75345 --- [           main] org.hibernate.Version                    : HHH000412: Hibernate ORM core version 6.6.11.Final
2026-04-24T16:26:29.765+02:00  INFO 75345 --- [           main] o.h.c.internal.RegionFactoryInitiator    : HHH000026: Second-level cache disabled
2026-04-24T16:26:29.863+02:00  INFO 75345 --- [           main] o.s.o.j.p.SpringPersistenceUnitInfo      : No LoadTimeWeaver setup: ignoring JPA class transformer
2026-04-24T16:26:29.882+02:00  WARN 75345 --- [           main] org.hibernate.orm.deprecation            : HHH90000025: H2Dialect does not need to be specified explicitly using 'hibernate.dialect' (remove the property setting and it will be selected by default)
2026-04-24T16:26:29.888+02:00  INFO 75345 --- [           main] org.hibernate.orm.connections.pooling    : HHH10001005: Database info:
	Database JDBC URL [Connecting through datasource 'org.springframework.jdbc.datasource.embedded.EmbeddedDatabaseFactory$EmbeddedDataSourceProxy@3e6748ae']
	Database driver: undefined/unknown
	Database version: 2.3.232
	Autocommit mode: undefined/unknown
	Isolation level: undefined/unknown
	Minimum pool size: undefined/unknown
	Maximum pool size: undefined/unknown
2026-04-24T16:26:30.206+02:00  INFO 75345 --- [           main] o.h.e.t.j.p.i.JtaPlatformInitiator       : HHH000489: No JTA platform available (set 'hibernate.transaction.jta.platform' to enable JTA platform integration)
Hibernate: drop table if exists ingredients cascade 
Hibernate: drop table if exists recipe_flavor_tags cascade 
Hibernate: drop table if exists recipe_steps cascade 
Hibernate: drop table if exists recipes cascade 
Hibernate: create table ingredients (quantity numeric(10,2), sort_order integer not null, id bigint generated by default as identity, recipe_id bigint not null, name varchar(255) not null, unit varchar(255), primary key (id))
Hibernate: create table recipe_flavor_tags (recipe_id bigint not null, flavor_tag enum ('BITTER','MILD','SALTY','SOUR','SPICY','SWEET','UMAMI'))
Hibernate: create table recipe_steps (step_number integer not null, id bigint generated by default as identity, recipe_id bigint not null, instruction TEXT not null, primary key (id))
Hibernate: create table recipes (cook_time_minutes integer, prep_time_minutes integer, servings integer, created_at timestamp(6), id bigint generated by default as identity, updated_at timestamp(6), cuisine varchar(255), description TEXT, image_filename varchar(255), title varchar(255) not null, category enum ('DESSERT','DRIKKE','FORRETT','HOVEDRETT','SNACK') not null, primary key (id))
Hibernate: alter table if exists ingredients add constraint FK7p08vcn6wf7fd6qp79yy2jrwg foreign key (recipe_id) references recipes
Hibernate: alter table if exists recipe_flavor_tags add constraint FKf29v5tgsck3v4qopckjwexqxs foreign key (recipe_id) references recipes
Hibernate: alter table if exists recipe_steps add constraint FKof4i3g3aiwgro5ykaf1j28iw1 foreign key (recipe_id) references recipes
2026-04-24T16:26:30.223+02:00  INFO 75345 --- [           main] j.LocalContainerEntityManagerFactoryBean : Initialized JPA EntityManagerFactory for persistence unit 'default'
2026-04-24T16:26:30.334+02:00  INFO 75345 --- [           main] o.s.d.j.r.query.QueryEnhancerFactory     : Hibernate is in classpath; If applicable, HQL parser will be used.
2026-04-24T16:26:30.504+02:00  INFO 75345 --- [           main] n.s.k.repository.RecipeRepositoryTest    : Started RecipeRepositoryTest in 1.166 seconds (process running for 1.542)
Hibernate: select r1_0.id,r1_0.category,r1_0.cook_time_minutes,r1_0.created_at,r1_0.cuisine,r1_0.description,r1_0.image_filename,r1_0.prep_time_minutes,r1_0.servings,r1_0.title,r1_0.updated_at from recipes r1_0
Hibernate: insert into recipes (category,cook_time_minutes,created_at,cuisine,description,image_filename,prep_time_minutes,servings,title,updated_at,id) values (?,?,?,?,?,?,?,?,?,?,default)
Hibernate: insert into ingredients (name,quantity,recipe_id,sort_order,unit,id) values (?,?,?,?,?,default)
Hibernate: insert into ingredients (name,quantity,recipe_id,sort_order,unit,id) values (?,?,?,?,?,default)
Hibernate: insert into recipes (category,cook_time_minutes,created_at,cuisine,description,image_filename,prep_time_minutes,servings,title,updated_at,id) values (?,?,?,?,?,?,?,?,?,?,default)
Hibernate: insert into ingredients (name,quantity,recipe_id,sort_order,unit,id) values (?,?,?,?,?,default)
Hibernate: insert into recipes (category,cook_time_minutes,created_at,cuisine,description,image_filename,prep_time_minutes,servings,title,updated_at,id) values (?,?,?,?,?,?,?,?,?,?,default)
Hibernate: select r1_0.id,r1_0.category,r1_0.cook_time_minutes,r1_0.created_at,r1_0.cuisine,r1_0.description,r1_0.image_filename,r1_0.prep_time_minutes,r1_0.servings,r1_0.title,r1_0.updated_at from recipes r1_0 where lower(r1_0.title) like ? escape '' or lower(r1_0.description) like ? escape ''
]]></system-out>
    <system-err><![CDATA[Mockito is currently self-attaching to enable the inline-mock-maker. This will no longer work in future releases of the JDK. Please add Mockito as an agent to your build what is described in Mockito's documentation: https://javadoc.io/doc/org.mockito/mockito-core/latest/org/mockito/Mockito.html#0.3
WARNING: A Java agent has been loaded dynamically (/Users/espen/.m2/repository/net/bytebuddy/byte-buddy-agent/1.15.11/byte-buddy-agent-1.15.11.jar)
WARNING: If a serviceability tool is in use, please run with -XX:+EnableDynamicAgentLoading to hide this warning
WARNING: If a serviceability tool is not in use, please run with -Djdk.instrument.traceUsage for more information
WARNING: Dynamic loading of agents will be disallowed by default in a future release
]]></system-err>
  </testcase>
  <testcase name="search_byFlavorTag_returnsMatchingRecipes" classname="no.scienta.kokebok.repository.RecipeRepositoryTest" time="0.011">
    <system-out><![CDATA[Hibernate: select r1_0.id,r1_0.category,r1_0.cook_time_minutes,r1_0.created_at,r1_0.cuisine,r1_0.description,r1_0.image_filename,r1_0.prep_time_minutes,r1_0.servings,r1_0.title,r1_0.updated_at from recipes r1_0
Hibernate: insert into recipes (category,cook_time_minutes,created_at,cuisine,description,image_filename,prep_time_minutes,servings,title,updated_at,id) values (?,?,?,?,?,?,?,?,?,?,default)
Hibernate: insert into ingredients (name,quantity,recipe_id,sort_order,unit,id) values (?,?,?,?,?,default)
Hibernate: insert into ingredients (name,quantity,recipe_id,sort_order,unit,id) values (?,?,?,?,?,default)
Hibernate: insert into recipes (category,cook_time_minutes,created_at,cuisine,description,image_filename,prep_time_minutes,servings,title,updated_at,id) values (?,?,?,?,?,?,?,?,?,?,default)
Hibernate: insert into ingredients (name,quantity,recipe_id,sort_order,unit,id) values (?,?,?,?,?,default)
Hibernate: insert into recipes (category,cook_time_minutes,created_at,cuisine,description,image_filename,prep_time_minutes,servings,title,updated_at,id) values (?,?,?,?,?,?,?,?,?,?,default)
Hibernate: insert into recipe_flavor_tags (recipe_id,flavor_tag) values (?,?)
Hibernate: insert into recipe_flavor_tags (recipe_id,flavor_tag) values (?,?)
Hibernate: insert into recipe_flavor_tags (recipe_id,flavor_tag) values (?,?)
Hibernate: insert into recipe_flavor_tags (recipe_id,flavor_tag) values (?,?)
Hibernate: insert into recipe_flavor_tags (recipe_id,flavor_tag) values (?,?)
Hibernate: insert into recipe_flavor_tags (recipe_id,flavor_tag) values (?,?)
Hibernate: insert into recipe_flavor_tags (recipe_id,flavor_tag) values (?,?)
Hibernate: select distinct r1_0.id,r1_0.category,r1_0.cook_time_minutes,r1_0.created_at,r1_0.cuisine,r1_0.description,r1_0.image_filename,r1_0.prep_time_minutes,r1_0.servings,r1_0.title,r1_0.updated_at from recipes r1_0 join recipe_flavor_tags ft1_0 on r1_0.id=ft1_0.recipe_id where ft1_0.flavor_tag in (?)
]]></system-out>
  </testcase>
  <testcase name="search_byCategory_returnsMatchingRecipes" classname="no.scienta.kokebok.repository.RecipeRepositoryTest" time="0.008">
    <system-out><![CDATA[Hibernate: select r1_0.id,r1_0.category,r1_0.cook_time_minutes,r1_0.created_at,r1_0.cuisine,r1_0.description,r1_0.image_filename,r1_0.prep_time_minutes,r1_0.servings,r1_0.title,r1_0.updated_at from recipes r1_0
Hibernate: insert into recipes (category,cook_time_minutes,created_at,cuisine,description,image_filename,prep_time_minutes,servings,title,updated_at,id) values (?,?,?,?,?,?,?,?,?,?,default)
Hibernate: insert into ingredients (name,quantity,recipe_id,sort_order,unit,id) values (?,?,?,?,?,default)
Hibernate: insert into ingredients (name,quantity,recipe_id,sort_order,unit,id) values (?,?,?,?,?,default)
Hibernate: insert into recipes (category,cook_time_minutes,created_at,cuisine,description,image_filename,prep_time_minutes,servings,title,updated_at,id) values (?,?,?,?,?,?,?,?,?,?,default)
Hibernate: insert into ingredients (name,quantity,recipe_id,sort_order,unit,id) values (?,?,?,?,?,default)
Hibernate: insert into recipes (category,cook_time_minutes,created_at,cuisine,description,image_filename,prep_time_minutes,servings,title,updated_at,id) values (?,?,?,?,?,?,?,?,?,?,default)
Hibernate: select r1_0.id,r1_0.category,r1_0.cook_time_minutes,r1_0.created_at,r1_0.cuisine,r1_0.description,r1_0.image_filename,r1_0.prep_time_minutes,r1_0.servings,r1_0.title,r1_0.updated_at from recipes r1_0 where r1_0.category=?
]]></system-out>
  </testcase>
  <testcase name="search_combinedFilters_returnsNarrowedResults" classname="no.scienta.kokebok.repository.RecipeRepositoryTest" time="0.006">
    <system-out><![CDATA[Hibernate: select r1_0.id,r1_0.category,r1_0.cook_time_minutes,r1_0.created_at,r1_0.cuisine,r1_0.description,r1_0.image_filename,r1_0.prep_time_minutes,r1_0.servings,r1_0.title,r1_0.updated_at from recipes r1_0
Hibernate: insert into recipes (category,cook_time_minutes,created_at,cuisine,description,image_filename,prep_time_minutes,servings,title,updated_at,id) values (?,?,?,?,?,?,?,?,?,?,default)
Hibernate: insert into ingredients (name,quantity,recipe_id,sort_order,unit,id) values (?,?,?,?,?,default)
Hibernate: insert into ingredients (name,quantity,recipe_id,sort_order,unit,id) values (?,?,?,?,?,default)
Hibernate: insert into recipes (category,cook_time_minutes,created_at,cuisine,description,image_filename,prep_time_minutes,servings,title,updated_at,id) values (?,?,?,?,?,?,?,?,?,?,default)
Hibernate: insert into ingredients (name,quantity,recipe_id,sort_order,unit,id) values (?,?,?,?,?,default)
Hibernate: insert into recipes (category,cook_time_minutes,created_at,cuisine,description,image_filename,prep_time_minutes,servings,title,updated_at,id) values (?,?,?,?,?,?,?,?,?,?,default)
Hibernate: select r1_0.id,r1_0.category,r1_0.cook_time_minutes,r1_0.created_at,r1_0.cuisine,r1_0.description,r1_0.image_filename,r1_0.prep_time_minutes,r1_0.servings,r1_0.title,r1_0.updated_at from recipes r1_0 where r1_0.category=? and lower(r1_0.cuisine)=?
]]></system-out>
  </testcase>
  <testcase name="search_byCuisine_isCaseInsensitive" classname="no.scienta.kokebok.repository.RecipeRepositoryTest" time="0.006">
    <system-out><![CDATA[Hibernate: select r1_0.id,r1_0.category,r1_0.cook_time_minutes,r1_0.created_at,r1_0.cuisine,r1_0.description,r1_0.image_filename,r1_0.prep_time_minutes,r1_0.servings,r1_0.title,r1_0.updated_at from recipes r1_0
Hibernate: insert into recipes (category,cook_time_minutes,created_at,cuisine,description,image_filename,prep_time_minutes,servings,title,updated_at,id) values (?,?,?,?,?,?,?,?,?,?,default)
Hibernate: insert into ingredients (name,quantity,recipe_id,sort_order,unit,id) values (?,?,?,?,?,default)
Hibernate: insert into ingredients (name,quantity,recipe_id,sort_order,unit,id) values (?,?,?,?,?,default)
Hibernate: insert into recipes (category,cook_time_minutes,created_at,cuisine,description,image_filename,prep_time_minutes,servings,title,updated_at,id) values (?,?,?,?,?,?,?,?,?,?,default)
Hibernate: insert into ingredients (name,quantity,recipe_id,sort_order,unit,id) values (?,?,?,?,?,default)
Hibernate: insert into recipes (category,cook_time_minutes,created_at,cuisine,description,image_filename,prep_time_minutes,servings,title,updated_at,id) values (?,?,?,?,?,?,?,?,?,?,default)
Hibernate: select r1_0.id,r1_0.category,r1_0.cook_time_minutes,r1_0.created_at,r1_0.cuisine,r1_0.description,r1_0.image_filename,r1_0.prep_time_minutes,r1_0.servings,r1_0.title,r1_0.updated_at from recipes r1_0 where lower(r1_0.cuisine)=?
]]></system-out>
  </testcase>
  <testcase name="findDistinctCuisines_returnsAllUniqueCuisines" classname="no.scienta.kokebok.repository.RecipeRepositoryTest" time="0.007">
    <system-out><![CDATA[Hibernate: select r1_0.id,r1_0.category,r1_0.cook_time_minutes,r1_0.created_at,r1_0.cuisine,r1_0.description,r1_0.image_filename,r1_0.prep_time_minutes,r1_0.servings,r1_0.title,r1_0.updated_at from recipes r1_0
Hibernate: insert into recipes (category,cook_time_minutes,created_at,cuisine,description,image_filename,prep_time_minutes,servings,title,updated_at,id) values (?,?,?,?,?,?,?,?,?,?,default)
Hibernate: insert into ingredients (name,quantity,recipe_id,sort_order,unit,id) values (?,?,?,?,?,default)
Hibernate: insert into ingredients (name,quantity,recipe_id,sort_order,unit,id) values (?,?,?,?,?,default)
Hibernate: insert into recipes (category,cook_time_minutes,created_at,cuisine,description,image_filename,prep_time_minutes,servings,title,updated_at,id) values (?,?,?,?,?,?,?,?,?,?,default)
Hibernate: insert into ingredients (name,quantity,recipe_id,sort_order,unit,id) values (?,?,?,?,?,default)
Hibernate: insert into recipes (category,cook_time_minutes,created_at,cuisine,description,image_filename,prep_time_minutes,servings,title,updated_at,id) values (?,?,?,?,?,?,?,?,?,?,default)
Hibernate: select distinct r1_0.cuisine from recipes r1_0 where r1_0.cuisine is not null order by r1_0.cuisine
]]></system-out>
  </testcase>
  <testcase name="search_byCuisine_returnsMatchingRecipes" classname="no.scienta.kokebok.repository.RecipeRepositoryTest" time="0.006">
    <system-out><![CDATA[Hibernate: select r1_0.id,r1_0.category,r1_0.cook_time_minutes,r1_0.created_at,r1_0.cuisine,r1_0.description,r1_0.image_filename,r1_0.prep_time_minutes,r1_0.servings,r1_0.title,r1_0.updated_at from recipes r1_0
Hibernate: insert into recipes (category,cook_time_minutes,created_at,cuisine,description,image_filename,prep_time_minutes,servings,title,updated_at,id) values (?,?,?,?,?,?,?,?,?,?,default)
Hibernate: insert into ingredients (name,quantity,recipe_id,sort_order,unit,id) values (?,?,?,?,?,default)
Hibernate: insert into ingredients (name,quantity,recipe_id,sort_order,unit,id) values (?,?,?,?,?,default)
Hibernate: insert into recipes (category,cook_time_minutes,created_at,cuisine,description,image_filename,prep_time_minutes,servings,title,updated_at,id) values (?,?,?,?,?,?,?,?,?,?,default)
Hibernate: insert into ingredients (name,quantity,recipe_id,sort_order,unit,id) values (?,?,?,?,?,default)
Hibernate: insert into recipes (category,cook_time_minutes,created_at,cuisine,description,image_filename,prep_time_minutes,servings,title,updated_at,id) values (?,?,?,?,?,?,?,?,?,?,default)
Hibernate: select r1_0.id,r1_0.category,r1_0.cook_time_minutes,r1_0.created_at,r1_0.cuisine,r1_0.description,r1_0.image_filename,r1_0.prep_time_minutes,r1_0.servings,r1_0.title,r1_0.updated_at from recipes r1_0 where lower(r1_0.cuisine)=?
]]></system-out>
  </testcase>
  <testcase name="search_byIngredientPartialMatch_returnsRecipe" classname="no.scienta.kokebok.repository.RecipeRepositoryTest" time="0.007">
    <system-out><![CDATA[Hibernate: select r1_0.id,r1_0.category,r1_0.cook_time_minutes,r1_0.created_at,r1_0.cuisine,r1_0.description,r1_0.image_filename,r1_0.prep_time_minutes,r1_0.servings,r1_0.title,r1_0.updated_at from recipes r1_0
Hibernate: insert into recipes (category,cook_time_minutes,created_at,cuisine,description,image_filename,prep_time_minutes,servings,title,updated_at,id) values (?,?,?,?,?,?,?,?,?,?,default)
Hibernate: insert into ingredients (name,quantity,recipe_id,sort_order,unit,id) values (?,?,?,?,?,default)
Hibernate: insert into ingredients (name,quantity,recipe_id,sort_order,unit,id) values (?,?,?,?,?,default)
Hibernate: insert into recipes (category,cook_time_minutes,created_at,cuisine,description,image_filename,prep_time_minutes,servings,title,updated_at,id) values (?,?,?,?,?,?,?,?,?,?,default)
Hibernate: insert into ingredients (name,quantity,recipe_id,sort_order,unit,id) values (?,?,?,?,?,default)
Hibernate: insert into recipes (category,cook_time_minutes,created_at,cuisine,description,image_filename,prep_time_minutes,servings,title,updated_at,id) values (?,?,?,?,?,?,?,?,?,?,default)
Hibernate: insert into recipe_flavor_tags (recipe_id,flavor_tag) values (?,?)
Hibernate: insert into recipe_flavor_tags (recipe_id,flavor_tag) values (?,?)
Hibernate: insert into recipe_flavor_tags (recipe_id,flavor_tag) values (?,?)
Hibernate: insert into recipe_flavor_tags (recipe_id,flavor_tag) values (?,?)
Hibernate: insert into recipe_flavor_tags (recipe_id,flavor_tag) values (?,?)
Hibernate: insert into recipe_flavor_tags (recipe_id,flavor_tag) values (?,?)
Hibernate: insert into recipe_flavor_tags (recipe_id,flavor_tag) values (?,?)
Hibernate: select distinct r1_0.id,r1_0.category,r1_0.cook_time_minutes,r1_0.created_at,r1_0.cuisine,r1_0.description,r1_0.image_filename,r1_0.prep_time_minutes,r1_0.servings,r1_0.title,r1_0.updated_at from recipes r1_0 join ingredients i1_0 on r1_0.id=i1_0.recipe_id where lower(i1_0.name) like ? escape ''
]]></system-out>
  </testcase>
  <testcase name="search_byTitleKeyword_returnsMatchingRecipes" classname="no.scienta.kokebok.repository.RecipeRepositoryTest" time="0.006">
    <system-out><![CDATA[Hibernate: select r1_0.id,r1_0.category,r1_0.cook_time_minutes,r1_0.created_at,r1_0.cuisine,r1_0.description,r1_0.image_filename,r1_0.prep_time_minutes,r1_0.servings,r1_0.title,r1_0.updated_at from recipes r1_0
Hibernate: insert into recipes (category,cook_time_minutes,created_at,cuisine,description,image_filename,prep_time_minutes,servings,title,updated_at,id) values (?,?,?,?,?,?,?,?,?,?,default)
Hibernate: insert into ingredients (name,quantity,recipe_id,sort_order,unit,id) values (?,?,?,?,?,default)
Hibernate: insert into ingredients (name,quantity,recipe_id,sort_order,unit,id) values (?,?,?,?,?,default)
Hibernate: insert into recipes (category,cook_time_minutes,created_at,cuisine,description,image_filename,prep_time_minutes,servings,title,updated_at,id) values (?,?,?,?,?,?,?,?,?,?,default)
Hibernate: insert into ingredients (name,quantity,recipe_id,sort_order,unit,id) values (?,?,?,?,?,default)
Hibernate: insert into recipes (category,cook_time_minutes,created_at,cuisine,description,image_filename,prep_time_minutes,servings,title,updated_at,id) values (?,?,?,?,?,?,?,?,?,?,default)
Hibernate: select r1_0.id,r1_0.category,r1_0.cook_time_minutes,r1_0.created_at,r1_0.cuisine,r1_0.description,r1_0.image_filename,r1_0.prep_time_minutes,r1_0.servings,r1_0.title,r1_0.updated_at from recipes r1_0 where lower(r1_0.title) like ? escape '' or lower(r1_0.description) like ? escape ''
]]></system-out>
  </testcase>
  <testcase name="findAll_returnsAllRecipes" classname="no.scienta.kokebok.repository.RecipeRepositoryTest" time="0.004">
    <system-out><![CDATA[Hibernate: select r1_0.id,r1_0.category,r1_0.cook_time_minutes,r1_0.created_at,r1_0.cuisine,r1_0.description,r1_0.image_filename,r1_0.prep_time_minutes,r1_0.servings,r1_0.title,r1_0.updated_at from recipes r1_0
Hibernate: insert into recipes (category,cook_time_minutes,created_at,cuisine,description,image_filename,prep_time_minutes,servings,title,updated_at,id) values (?,?,?,?,?,?,?,?,?,?,default)
Hibernate: insert into ingredients (name,quantity,recipe_id,sort_order,unit,id) values (?,?,?,?,?,default)
Hibernate: insert into ingredients (name,quantity,recipe_id,sort_order,unit,id) values (?,?,?,?,?,default)
Hibernate: insert into recipes (category,cook_time_minutes,created_at,cuisine,description,image_filename,prep_time_minutes,servings,title,updated_at,id) values (?,?,?,?,?,?,?,?,?,?,default)
Hibernate: insert into ingredients (name,quantity,recipe_id,sort_order,unit,id) values (?,?,?,?,?,default)
Hibernate: insert into recipes (category,cook_time_minutes,created_at,cuisine,description,image_filename,prep_time_minutes,servings,title,updated_at,id) values (?,?,?,?,?,?,?,?,?,?,default)
Hibernate: select r1_0.id,r1_0.category,r1_0.cook_time_minutes,r1_0.created_at,r1_0.cuisine,r1_0.description,r1_0.image_filename,r1_0.prep_time_minutes,r1_0.servings,r1_0.title,r1_0.updated_at from recipes r1_0
]]></system-out>
  </testcase>
  <testcase name="search_byIngredient_returnsMatchingRecipes" classname="no.scienta.kokebok.repository.RecipeRepositoryTest" time="0.006">
    <system-out><![CDATA[Hibernate: select r1_0.id,r1_0.category,r1_0.cook_time_minutes,r1_0.created_at,r1_0.cuisine,r1_0.description,r1_0.image_filename,r1_0.prep_time_minutes,r1_0.servings,r1_0.title,r1_0.updated_at from recipes r1_0
Hibernate: insert into recipes (category,cook_time_minutes,created_at,cuisine,description,image_filename,prep_time_minutes,servings,title,updated_at,id) values (?,?,?,?,?,?,?,?,?,?,default)
Hibernate: insert into ingredients (name,quantity,recipe_id,sort_order,unit,id) values (?,?,?,?,?,default)
Hibernate: insert into ingredients (name,quantity,recipe_id,sort_order,unit,id) values (?,?,?,?,?,default)
Hibernate: insert into recipes (category,cook_time_minutes,created_at,cuisine,description,image_filename,prep_time_minutes,servings,title,updated_at,id) values (?,?,?,?,?,?,?,?,?,?,default)
Hibernate: insert into ingredients (name,quantity,recipe_id,sort_order,unit,id) values (?,?,?,?,?,default)
Hibernate: insert into recipes (category,cook_time_minutes,created_at,cuisine,description,image_filename,prep_time_minutes,servings,title,updated_at,id) values (?,?,?,?,?,?,?,?,?,?,default)
Hibernate: insert into recipe_flavor_tags (recipe_id,flavor_tag) values (?,?)
Hibernate: insert into recipe_flavor_tags (recipe_id,flavor_tag) values (?,?)
Hibernate: insert into recipe_flavor_tags (recipe_id,flavor_tag) values (?,?)
Hibernate: insert into recipe_flavor_tags (recipe_id,flavor_tag) values (?,?)
Hibernate: insert into recipe_flavor_tags (recipe_id,flavor_tag) values (?,?)
Hibernate: insert into recipe_flavor_tags (recipe_id,flavor_tag) values (?,?)
Hibernate: insert into recipe_flavor_tags (recipe_id,flavor_tag) values (?,?)
Hibernate: select distinct r1_0.id,r1_0.category,r1_0.cook_time_minutes,r1_0.created_at,r1_0.cuisine,r1_0.description,r1_0.image_filename,r1_0.prep_time_minutes,r1_0.servings,r1_0.title,r1_0.updated_at from recipes r1_0 join ingredients i1_0 on r1_0.id=i1_0.recipe_id where lower(i1_0.name) like ? escape ''
]]></system-out>
  </testcase>
</testsuite>